<?xml version="1.0" encoding="UTF-8"?>
<testng-results ignored="0" total="2" passed="2" failed="0" skipped="0">
  <reporter-output>
  </reporter-output>
  <suite started-at="2025-04-03T16:33:30 IST" name="RegisterEndpointTestsSuite" finished-at="2025-04-03T16:33:35 IST" duration-ms="5591">
    <groups>
    </groups>
    <test started-at="2025-04-03T16:33:30 IST" name="RegisterEndpointTests" finished-at="2025-04-03T16:33:35 IST" duration-ms="5591">
      <class name="EndpointTest.registerEndpointTests">
        <test-method signature="TestInvaildUserRegister()[pri:0, instance:EndpointTest.registerEndpointTests@54e1c68b]" started-at="2025-04-03T16:33:30 IST" name="TestInvaildUserRegister" finished-at="2025-04-03T16:33:35 IST" duration-ms="4989" status="PASS">
          <reporter-output>
          </reporter-output>
        </test-method> <!-- TestInvaildUserRegister -->
        <test-method signature="TestvalidUserRegister()[pri:0, instance:EndpointTest.registerEndpointTests@54e1c68b]" started-at="2025-04-03T16:33:35 IST" name="TestvalidUserRegister" finished-at="2025-04-03T16:33:35 IST" duration-ms="488" status="PASS">
          <reporter-output>
          </reporter-output>
        </test-method> <!-- TestvalidUserRegister -->
      </class> <!-- EndpointTest.registerEndpointTests -->
    </test> <!-- RegisterEndpointTests -->
  </suite> <!-- RegisterEndpointTestsSuite -->
</testng-results>
