<?xml version="1.0" encoding="UTF-8"?>
<testng-results ignored="0" total="2" passed="2" failed="0" skipped="0">
  <reporter-output>
  </reporter-output>
  <suite started-at="2025-03-18T12:42:42 IST" name="AutifySuite" finished-at="2025-03-18T12:43:07 IST" duration-ms="24433">
    <groups>
    </groups>
    <test started-at="2025-03-18T12:42:42 IST" name="NewTabTitleTest" finished-at="2025-03-18T12:42:56 IST" duration-ms="13507">
      <class name="CA.Assignment6.NewTabTest">
        <test-method is-config="true" signature="setup()[pri:0, instance:CA.Assignment6.NewTabTest@1530c739]" started-at="2025-03-18T12:42:42 IST" name="setup" finished-at="2025-03-18T12:42:49 IST" duration-ms="6432" status="PASS">
          <reporter-output>
          </reporter-output>
        </test-method> <!-- setup -->
        <test-method signature="testSwitchToChildWindowAndVerifyTitle()[pri:0, instance:CA.Assignment6.NewTabTest@1530c739]" started-at="2025-03-18T12:42:49 IST" name="testSwitchToChildWindowAndVerifyTitle" finished-at="2025-03-18T12:42:55 IST" duration-ms="6133" status="PASS">
          <reporter-output>
          </reporter-output>
        </test-method> <!-- testSwitchToChildWindowAndVerifyTitle -->
        <test-method is-config="true" signature="teardown()[pri:0, instance:CA.Assignment6.NewTabTest@1530c739]" started-at="2025-03-18T12:42:55 IST" name="teardown" finished-at="2025-03-18T12:42:56 IST" duration-ms="871" status="PASS">
          <reporter-output>
          </reporter-output>
        </test-method> <!-- teardown -->
      </class> <!-- CA.Assignment6.NewTabTest -->
    </test> <!-- NewTabTitleTest -->
    <test started-at="2025-03-18T12:42:56 IST" name="SignUpErrorMessagesTest" finished-at="2025-03-18T12:43:07 IST" duration-ms="10891">
      <class name="CA.Assignment6.SignUpErrorMessagesTest">
        <test-method is-config="true" signature="setup()[pri:0, instance:CA.Assignment6.SignUpErrorMessagesTest@4b29d1d2]" started-at="2025-03-18T12:42:56 IST" name="setup" finished-at="2025-03-18T12:42:59 IST" duration-ms="3673" status="PASS">
          <reporter-output>
          </reporter-output>
        </test-method> <!-- setup -->
        <test-method signature="testSignUpErrorMessages()[pri:0, instance:CA.Assignment6.SignUpErrorMessagesTest@4b29d1d2]" started-at="2025-03-18T12:42:59 IST" name="testSignUpErrorMessages" finished-at="2025-03-18T12:43:06 IST" duration-ms="6482" status="PASS">
          <reporter-output>
          </reporter-output>
        </test-method> <!-- testSignUpErrorMessages -->
        <test-method is-config="true" signature="teardown()[pri:0, instance:CA.Assignment6.SignUpErrorMessagesTest@4b29d1d2]" started-at="2025-03-18T12:43:06 IST" name="teardown" finished-at="2025-03-18T12:43:07 IST" duration-ms="732" status="PASS">
          <reporter-output>
          </reporter-output>
        </test-method> <!-- teardown -->
      </class> <!-- CA.Assignment6.SignUpErrorMessagesTest -->
    </test> <!-- SignUpErrorMessagesTest -->
  </suite> <!-- AutifySuite -->
</testng-results>
