<?xml version="1.0" encoding="UTF-8"?>
<!-- Generated by org.testng.reporters.JUnitXMLReporter -->
<testsuite ignored="0" hostname="65c4606e3be95e7" failures="0" tests="2" name="RegisterEndpointTests" time="5.591" errors="0" timestamp="2025-04-03T16:33:35 IST">
  <testcase classname="EndpointTest.registerEndpointTests" name="TestInvaildUserRegister" time="4.989"/>
  <testcase classname="EndpointTest.registerEndpointTests" name="TestvalidUserRegister" time="0.488"/>
</testsuite> <!-- RegisterEndpointTests -->
